  Collision.cpp
C:\Users\ameli\OneDrive\Documents\GitHub\Dont-Peek-2\Don't Peek\src\Collision.cpp(141,34): warning C4100: 'vel2': unreferenced formal parameter
C:\Users\ameli\OneDrive\Documents\GitHub\Dont-Peek-2\Don't Peek\src\Collision.cpp(140,73): warning C4100: 'vel1': unreferenced formal parameter
  Credits.cpp
C:\Users\ameli\OneDrive\Documents\GitHub\Dont-Peek-2\Don't Peek\src\Credits.cpp(176,9): warning C4551: function call missing argument list
C:\Users\ameli\OneDrive\Documents\GitHub\Dont-Peek-2\Don't Peek\src\fmod_errors.h(20,20): warning C4505: 'FMOD_ErrorString': unreferenced local function has been removed
  Door.cpp
  Eraser.cpp
  GameStateMgr.cpp
  GameState_DontPeek.cpp
C:\Users\ameli\OneDrive\Documents\GitHub\Dont-Peek-2\Don't Peek\src\fmod_errors.h(20,20): warning C4505: 'FMOD_ErrorString': unreferenced local function has been removed
  Highlighter.cpp
  HowToPlay2.cpp
C:\Users\ameli\OneDrive\Documents\GitHub\Dont-Peek-2\Don't Peek\src\fmod_errors.h(20,20): warning C4505: 'FMOD_ErrorString': unreferenced local function has been removed
  Level 1.cpp
C:\Users\ameli\OneDrive\Documents\GitHub\Dont-Peek-2\Don't Peek\src\fmod_errors.h(20,20): warning C4505: 'FMOD_ErrorString': unreferenced local function has been removed
  Level Select.cpp
C:\Users\ameli\OneDrive\Documents\GitHub\Dont-Peek-2\Don't Peek\src\Level Select.cpp(19,2): warning C4091: 'static ': ignored on left of 'LevelScreen' when no variable is declared
C:\Users\ameli\OneDrive\Documents\GitHub\Dont-Peek-2\Don't Peek\src\Level Select.cpp(126,8): warning C4551: function call missing argument list
C:\Users\ameli\OneDrive\Documents\GitHub\Dont-Peek-2\Don't Peek\src\Level Select.cpp(138,8): warning C4551: function call missing argument list
C:\Users\ameli\OneDrive\Documents\GitHub\Dont-Peek-2\Don't Peek\src\Level Select.cpp(195,16): warning C4553: '==': result of expression not used; did you intend '='?
C:\Users\ameli\OneDrive\Documents\GitHub\Dont-Peek-2\Don't Peek\src\fmod_errors.h(20,20): warning C4505: 'FMOD_ErrorString': unreferenced local function has been removed
  Lose.cpp
C:\Users\ameli\OneDrive\Documents\GitHub\Dont-Peek-2\Don't Peek\src\Lose.cpp(140,8): warning C4551: function call missing argument list
C:\Users\ameli\OneDrive\Documents\GitHub\Dont-Peek-2\Don't Peek\src\Lose.cpp(150,8): warning C4551: function call missing argument list
  Main.cpp
C:\Users\ameli\OneDrive\Documents\GitHub\Dont-Peek-2\Don't Peek\src\fmod_errors.h(20,20): warning C4505: 'FMOD_ErrorString': unreferenced local function has been removed
  Menu.cpp
C:\Users\ameli\OneDrive\Documents\GitHub\Dont-Peek-2\Don't Peek\src\Menu.cpp(198,9): warning C4551: function call missing argument list
C:\Users\ameli\OneDrive\Documents\GitHub\Dont-Peek-2\Don't Peek\src\Menu.cpp(211,9): warning C4551: function call missing argument list
C:\Users\ameli\OneDrive\Documents\GitHub\Dont-Peek-2\Don't Peek\src\Menu.cpp(223,9): warning C4551: function call missing argument list
C:\Users\ameli\OneDrive\Documents\GitHub\Dont-Peek-2\Don't Peek\src\Menu.cpp(232,9): warning C4551: function call missing argument list
C:\Users\ameli\OneDrive\Documents\GitHub\Dont-Peek-2\Don't Peek\src\fmod_errors.h(20,20): warning C4505: 'FMOD_ErrorString': unreferenced local function has been removed
  Music.cpp
  Pause.cpp
C:\Users\ameli\OneDrive\Documents\GitHub\Dont-Peek-2\Don't Peek\src\Pause.cpp(166,9): warning C4551: function call missing argument list
C:\Users\ameli\OneDrive\Documents\GitHub\Dont-Peek-2\Don't Peek\src\Pause.cpp(186,9): warning C4551: function call missing argument list
C:\Users\ameli\OneDrive\Documents\GitHub\Dont-Peek-2\Don't Peek\src\Pause.cpp(201,9): warning C4551: function call missing argument list
C:\Users\ameli\OneDrive\Documents\GitHub\Dont-Peek-2\Don't Peek\src\Pause.cpp(210,8): warning C4551: function call missing argument list
  Pencil.cpp
  Player.cpp
C:\Users\ameli\OneDrive\Documents\GitHub\Dont-Peek-2\Don't Peek\src\Player.cpp(145,46): warning C4244: '=': conversion from 'double' to 'f32', possible loss of data
  Restart.cpp
  Rules.cpp
C:\Users\ameli\OneDrive\Documents\GitHub\Dont-Peek-2\Don't Peek\src\fmod_errors.h(20,20): warning C4505: 'FMOD_ErrorString': unreferenced local function has been removed
  Sharpener.cpp
  Generating Code...
  Compiling...
  SplashScreen.cpp
  Tutorial.cpp
C:\Users\ameli\OneDrive\Documents\GitHub\Dont-Peek-2\Don't Peek\src\fmod_errors.h(20,20): warning C4505: 'FMOD_ErrorString': unreferenced local function has been removed
  Wall.cpp
C:\Users\ameli\OneDrive\Documents\GitHub\Dont-Peek-2\Don't Peek\src\Wall.cpp(73,20): warning C4459: declaration of 'Walltemp' hides global declaration
C:\Users\ameli\OneDrive\Documents\GitHub\Dont-Peek-2\Don't Peek\src\Wall.cpp(31,7): message : see declaration of 'Walltemp'
C:\Users\ameli\OneDrive\Documents\GitHub\Dont-Peek-2\Don't Peek\src\Wall.cpp(207,19): warning C4459: declaration of 'Walltemp' hides global declaration
C:\Users\ameli\OneDrive\Documents\GitHub\Dont-Peek-2\Don't Peek\src\Wall.cpp(31,7): message : see declaration of 'Walltemp'
C:\Users\ameli\OneDrive\Documents\GitHub\Dont-Peek-2\Don't Peek\src\Wall.cpp(213,19): warning C4459: declaration of 'Walltemp' hides global declaration
C:\Users\ameli\OneDrive\Documents\GitHub\Dont-Peek-2\Don't Peek\src\Wall.cpp(31,7): message : see declaration of 'Walltemp'
  Win.cpp
C:\Users\ameli\OneDrive\Documents\GitHub\Dont-Peek-2\Don't Peek\src\Win.cpp(139,8): warning C4551: function call missing argument list
C:\Users\ameli\OneDrive\Documents\GitHub\Dont-Peek-2\Don't Peek\src\Win.cpp(149,8): warning C4551: function call missing argument list
  Generating Code...
  DontPeek.vcxproj -> C:\Users\ameli\OneDrive\Documents\GitHub\Dont-Peek-2\Don't Peek\bin\Debug-x64\DontPeek.exe
